<?xml version="1.0" encoding="UTF-8"?>
<!-- Generated by org.testng.reporters.JUnitReportReporter -->
<testsuite skipped="0" hostname="krish" name="p1.c2" tests="1" failures="0" timestamp="2024-01-24T12:05:00 IST" time="6.073" errors="0">
  <testcase name="t2" time="6.073" classname="p1.c2"/>
  <system-out/>
</testsuite> <!-- p1.c2 -->
