<?xml version="1.0" encoding="UTF-8"?>
<!-- Generated by org.testng.reporters.JUnitReportReporter -->
<testsuite skipped="0" hostname="krish" name="excell.e1" tests="1" failures="0" timestamp="2024-01-26T12:39:21 IST" time="0.753" errors="0">
  <testcase name="t1" time="0.753" classname="excell.e1"/>
  <system-out/>
</testsuite> <!-- excell.e1 -->
